[01:44:41] [main/WARN]: Ambiguity between arguments [teleport, destination] and [teleport, targets] with inputs: [Player, 0123, @e, dd12be42-52a9-4a91-a8a1-11c01849e498]
[01:44:41] [main/WARN]: Ambiguity between arguments [teleport, location] and [teleport, destination] with inputs: [0.1 -0.5 .9, 0 0 0]
[01:44:41] [main/WARN]: Ambiguity between arguments [teleport, location] and [teleport, targets] with inputs: [0.1 -0.5 .9, 0 0 0]
[01:44:41] [main/WARN]: Ambiguity between arguments [teleport, targets] and [teleport, destination] with inputs: [Player, 0123, dd12be42-52a9-4a91-a8a1-11c01849e498]
[01:44:41] [main/WARN]: Ambiguity between arguments [teleport, targets, location] and [teleport, targets, destination] with inputs: [0.1 -0.5 .9, 0 0 0]
[01:44:42] [Server thread/INFO]: Starting minecraft server version 1.14.4
[01:44:42] [Server thread/WARN]: To start the server with more ram, launch it as "java -Xmx1024M -Xms1024M -jar minecraft_server.jar"
[01:44:42] [Server thread/INFO]: Loading properties
[01:44:42] [Server thread/INFO]: Default game type: SURVIVAL
[01:44:42] [Server thread/INFO]: Generating keypair
[01:44:42] [Server console handler/ERROR]: Exception handling console input
java.io.IOException: The handle is invalid
	at java.io.FileInputStream.readBytes(Native Method) ~[?:1.8.0_65]
	at java.io.FileInputStream.read(Unknown Source) ~[?:1.8.0_65]
	at java.io.BufferedInputStream.read1(Unknown Source) ~[?:1.8.0_65]
	at java.io.BufferedInputStream.read(Unknown Source) ~[?:1.8.0_65]
	at sun.nio.cs.StreamDecoder.readBytes(Unknown Source) ~[?:1.8.0_65]
	at sun.nio.cs.StreamDecoder.implRead(Unknown Source) ~[?:1.8.0_65]
	at sun.nio.cs.StreamDecoder.read(Unknown Source) ~[?:1.8.0_65]
	at java.io.InputStreamReader.read(Unknown Source) ~[?:1.8.0_65]
	at java.io.BufferedReader.fill(Unknown Source) ~[?:1.8.0_65]
	at java.io.BufferedReader.readLine(Unknown Source) ~[?:1.8.0_65]
	at java.io.BufferedReader.readLine(Unknown Source) ~[?:1.8.0_65]
	at uk$2.run(SourceFile:109) [server.jar:?]
[01:44:42] [Server thread/INFO]: Starting Minecraft server on *:25565
[01:44:42] [Server thread/INFO]: Using default channel type
[01:44:43] [Server thread/WARN]: **** SERVER IS RUNNING IN OFFLINE/INSECURE MODE!
[01:44:43] [Server thread/WARN]: The server will make no attempt to authenticate usernames. Beware.
[01:44:43] [Server thread/WARN]: While this makes the game possible to play without internet access, it also opens up the ability for hackers to connect with any username they choose.
[01:44:43] [Server thread/WARN]: To change this, set "online-mode" to "true" in the server.properties file.
[01:44:43] [Server thread/INFO]: Preparing level "world"
[01:44:43] [Server thread/INFO]: Reloading ResourceManager: Default
[01:44:44] [Server thread/INFO]: Loaded 6 recipes
[01:44:45] [Server thread/INFO]: Loaded 811 advancements
[01:44:59] [Server thread/INFO]: Preparing start region for dimension minecraft:overworld
[01:45:02] [Server thread/INFO]: Preparing spawn area: 0%
[01:45:02] [Server thread/INFO]: Preparing spawn area: 0%
[01:45:02] [Server thread/INFO]: Preparing spawn area: 0%
[01:45:02] [Server thread/INFO]: Preparing spawn area: 0%
[01:45:02] [Server thread/INFO]: Preparing spawn area: 0%
[01:45:02] [Server thread/INFO]: Preparing spawn area: 0%
[01:45:03] [Server thread/INFO]: Preparing spawn area: 0%
[01:45:03] [Server thread/INFO]: Time elapsed: 3714 ms
[01:45:03] [Server thread/INFO]: Done (20.294s)! For help, type "help"
[01:45:26] [Server thread/INFO]: ryxlive[/127.0.0.1:52471] logged in with entity id 254 at (-212.42433356672603, 63.0, -129.43843770558888)
[01:45:26] [Server thread/INFO]: ryxlive joined the game
[01:45:27] [Server thread/WARN]: Can't keep up! Is the server overloaded? Running 2013ms or 40 ticks behind
[01:49:04] [Server thread/INFO]: ryxlive has made the advancement [The Parrots and the Bats]
[01:50:10] [Server thread/WARN]: ryxlive moved too quickly! -6.9850331651056194,-4.0,6.227025863515479
[01:50:10] [Server thread/WARN]: ryxlive moved too quickly! -6.938697040270739,-4.0,6.083747419383712
[01:50:10] [Server thread/WARN]: Can't keep up! Is the server overloaded? Running 4678ms or 93 ticks behind
[02:00:12] [Server thread/WARN]: Can't keep up! Is the server overloaded? Running 2678ms or 53 ticks behind
[02:05:14] [Server thread/WARN]: ryxlive moved too quickly! -0.10816001629359562,0.0,-10.099395340494034
[02:10:14] [Server thread/WARN]: Can't keep up! Is the server overloaded? Running 2027ms or 40 ticks behind
[02:35:17] [Server thread/WARN]: Can't keep up! Is the server overloaded? Running 2750ms or 55 ticks behind
[02:53:40] [Server thread/INFO]: ryxlive has made the advancement [Not Today, Thank You]
[03:05:20] [Server thread/WARN]: Can't keep up! Is the server overloaded? Running 2652ms or 53 ticks behind
[03:05:31] [Server thread/INFO]: ryxlive has made the advancement [Hot Stuff]
[03:14:44] [Server thread/WARN]: Can't keep up! Is the server overloaded? Running 4924ms or 98 ticks behind
[03:20:27] [Server thread/WARN]: Can't keep up! Is the server overloaded? Running 2225ms or 44 ticks behind
[03:25:29] [Server thread/WARN]: Can't keep up! Is the server overloaded? Running 2050ms or 41 ticks behind
[03:40:31] [Server thread/WARN]: Can't keep up! Is the server overloaded? Running 2230ms or 44 ticks behind
[03:45:35] [Server thread/WARN]: Can't keep up! Is the server overloaded? Running 3640ms or 72 ticks behind
[04:10:17] [Server thread/WARN]: Can't keep up! Is the server overloaded? Running 23755ms or 475 ticks behind
[04:17:29] [Server thread/INFO]: ryxlive lost connection: Disconnected
[04:17:29] [Server thread/INFO]: ryxlive left the game
[04:17:35] [Server thread/INFO]: ryxlive[/127.0.0.1:52533] logged in with entity id 20149 at (-212.70000002533197, 67.0000002, -132.70000002533197)
[04:17:36] [Server thread/INFO]: ryxlive joined the game
[04:33:48] [Server thread/INFO]: ryxlive lost connection: Disconnected
[04:33:48] [Server thread/INFO]: ryxlive left the game
[04:34:06] [Server thread/INFO]: Stopping the server
[04:34:06] [Server thread/INFO]: Stopping server
[04:34:06] [Server thread/INFO]: Saving players
[04:34:06] [Server thread/INFO]: Saving worlds
[04:34:06] [Server thread/INFO]: Saving chunks for level 'world'/minecraft:the_nether
[04:34:06] [Server thread/INFO]: ThreadedAnvilChunkStorage (DIM-1): All chunks are saved
[04:34:06] [Server thread/INFO]: Saving chunks for level 'world'/minecraft:the_end
[04:34:06] [Server thread/INFO]: ThreadedAnvilChunkStorage (DIM1): All chunks are saved
[04:34:06] [Server thread/INFO]: Saving chunks for level 'world'/minecraft:overworld
[04:34:08] [Server thread/INFO]: ThreadedAnvilChunkStorage (world): All chunks are saved
[04:34:08] [Server thread/INFO]: ThreadedAnvilChunkStorage (DIM-1): All chunks are saved
[04:34:08] [Server thread/INFO]: ThreadedAnvilChunkStorage (DIM1): All chunks are saved
[04:34:08] [Server thread/INFO]: ThreadedAnvilChunkStorage (world): All chunks are saved
